[2023-01-05 14:11:31,135] WARNING in _internal:  * Debugger is active!
[2023-01-05 14:11:31,136] INFO in _internal:  * Debugger PIN: 378-899-896
[2023-01-05 14:11:43,436] DEBUG in app: This is debug message.
[2023-01-05 14:11:43,437] INFO in app: This is info message.
[2023-01-05 14:11:43,438] WARNING in app: This is warning message.
[2023-01-05 14:11:43,438] ERROR in app: This is error message.
[2023-01-05 14:11:43,439] CRITICAL in app: This is critical message.
[2023-01-05 14:11:43,443] INFO in _internal: 127.0.0.1 - - [05/Jan/2023 14:11:43] "GET / HTTP/1.1" 200 -
[2023-01-05 23:30:51,563] INFO in _internal: [31m[1mWARNING: This is a development server. Do not use it in a production deployment. Use a production WSGI server instead.[0m
 * Running on all addresses (0.0.0.0)
 * Running on http://127.0.0.1:8888
 * Running on http://172.19.0.2:8888
[2023-01-05 23:30:51,564] INFO in _internal: [33mPress CTRL+C to quit[0m
[2023-01-05 23:30:51,565] INFO in _internal:  * Restarting with stat
[2023-01-05 23:30:51,774] WARNING in _internal:  * Debugger is active!
[2023-01-05 23:30:51,775] INFO in _internal:  * Debugger PIN: 378-899-896
[2023-01-06 00:47:08,911] INFO in _internal: [31m[1mWARNING: This is a development server. Do not use it in a production deployment. Use a production WSGI server instead.[0m
 * Running on http://127.0.0.1:5000
[2023-01-06 00:47:08,912] INFO in _internal: [33mPress CTRL+C to quit[0m
[2023-01-06 00:47:19,801] DEBUG in app: This is debug message.
[2023-01-06 00:47:19,803] INFO in app: This is info message.
[2023-01-06 00:47:19,804] WARNING in app: This is warning message.
[2023-01-06 00:47:19,805] ERROR in app: This is error message.
[2023-01-06 00:47:19,808] CRITICAL in app: This is critical message.
[2023-01-06 00:47:19,850] INFO in _internal: 172.19.0.1 - - [06/Jan/2023 00:47:19] "GET / HTTP/1.1" 200 -
[2023-01-06 00:47:21,422] INFO in _internal: 172.19.0.1 - - [06/Jan/2023 00:47:21] "[33mGET /favicon.ico HTTP/1.1[0m" 404 -
[2023-01-06 00:47:27,692] DEBUG in app: This is debug message.
[2023-01-06 00:47:27,694] INFO in app: This is info message.
[2023-01-06 00:47:27,695] WARNING in app: This is warning message.
[2023-01-06 00:47:27,696] ERROR in app: This is error message.
[2023-01-06 00:47:27,697] CRITICAL in app: This is critical message.
[2023-01-06 00:47:27,699] INFO in _internal: 172.19.0.1 - - [06/Jan/2023 00:47:27] "GET / HTTP/1.1" 200 -
[2023-01-06 00:47:29,322] DEBUG in app: This is debug message.
[2023-01-06 00:47:29,323] INFO in app: This is info message.
[2023-01-06 00:47:29,324] WARNING in app: This is warning message.
[2023-01-06 00:47:29,325] ERROR in app: This is error message.
[2023-01-06 00:47:29,326] CRITICAL in app: This is critical message.
[2023-01-06 00:47:29,327] INFO in _internal: 172.19.0.1 - - [06/Jan/2023 00:47:29] "GET / HTTP/1.1" 200 -
[2023-01-06 00:49:00,005] DEBUG in app: This is debug message.
[2023-01-06 00:49:00,006] INFO in app: This is info message.
[2023-01-06 00:49:00,007] WARNING in app: This is warning message.
[2023-01-06 00:49:00,008] ERROR in app: This is error message.
[2023-01-06 00:49:00,009] CRITICAL in app: This is critical message.
[2023-01-06 00:49:00,014] INFO in _internal: 172.19.0.1 - - [06/Jan/2023 00:49:00] "GET / HTTP/1.1" 200 -
[2023-01-06 00:49:05,683] INFO in _internal: 172.19.0.1 - - [06/Jan/2023 00:49:05] "[33mGET /another HTTP/1.1[0m" 404 -
[2023-01-06 00:52:45,368] INFO in _internal: [31m[1mWARNING: This is a development server. Do not use it in a production deployment. Use a production WSGI server instead.[0m
 * Running on all addresses (0.0.0.0)
 * Running on http://127.0.0.1:8888
 * Running on http://172.19.0.2:8888
[2023-01-06 00:52:45,369] INFO in _internal: [33mPress CTRL+C to quit[0m
[2023-01-06 00:52:45,370] INFO in _internal:  * Restarting with stat
[2023-01-06 00:52:45,531] WARNING in _internal:  * Debugger is active!
[2023-01-06 00:52:45,533] INFO in _internal:  * Debugger PIN: 378-899-896
[2023-01-06 02:19:38,274] INFO in _internal:  * Detected change in '/usr/src/app/app.py', reloading
[2023-01-06 02:19:38,311] INFO in _internal:  * Restarting with stat
[2023-01-06 02:19:38,520] WARNING in _internal:  * Debugger is active!
[2023-01-06 02:19:38,522] INFO in _internal:  * Debugger PIN: 378-899-896
[2023-01-06 02:19:41,539] INFO in _internal:  * Detected change in '/usr/src/app/app.py', reloading
[2023-01-06 02:19:41,580] INFO in _internal:  * Restarting with stat
[2023-01-06 02:19:41,750] WARNING in _internal:  * Debugger is active!
[2023-01-06 02:19:41,751] INFO in _internal:  * Debugger PIN: 378-899-896
[2023-01-06 02:19:45,770] INFO in _internal:  * Detected change in '/usr/src/app/app.py', reloading
[2023-01-06 02:19:45,810] INFO in _internal:  * Restarting with stat
[2023-01-06 02:42:18,816] INFO in _internal: [31m[1mWARNING: This is a development server. Do not use it in a production deployment. Use a production WSGI server instead.[0m
 * Running on all addresses (0.0.0.0)
 * Running on http://127.0.0.1:8888
 * Running on http://172.19.0.2:8888
[2023-01-06 02:42:18,817] INFO in _internal: [33mPress CTRL+C to quit[0m
[2023-01-06 02:42:18,819] INFO in _internal:  * Restarting with stat
[2023-01-06 02:42:18,979] WARNING in _internal:  * Debugger is active!
[2023-01-06 02:42:18,988] INFO in _internal:  * Debugger PIN: 109-429-148
[2023-01-06 02:42:42,194] INFO in _internal: [31m[1mWARNING: This is a development server. Do not use it in a production deployment. Use a production WSGI server instead.[0m
 * Running on all addresses (0.0.0.0)
 * Running on http://127.0.0.1:8888
 * Running on http://172.19.0.2:8888
[2023-01-06 02:42:42,195] INFO in _internal: [33mPress CTRL+C to quit[0m
[2023-01-06 02:42:42,196] INFO in _internal:  * Restarting with stat
[2023-01-06 02:42:42,350] WARNING in _internal:  * Debugger is active!
[2023-01-06 02:42:42,351] INFO in _internal:  * Debugger PIN: 109-429-148
[2023-01-06 02:44:09,611] INFO in _internal:  * Detected change in '/usr/src/app/app.py', reloading
[2023-01-06 02:44:09,652] INFO in _internal:  * Restarting with stat
[2023-01-06 02:44:09,876] WARNING in _internal:  * Debugger is active!
[2023-01-06 02:44:09,878] INFO in _internal:  * Debugger PIN: 109-429-148
[2023-01-06 02:44:15,908] INFO in _internal:  * Detected change in '/usr/src/app/app.py', reloading
[2023-01-06 02:44:15,948] INFO in _internal:  * Restarting with stat
[2023-01-06 02:44:16,151] WARNING in _internal:  * Debugger is active!
[2023-01-06 02:44:16,152] INFO in _internal:  * Debugger PIN: 109-429-148
[2023-01-06 02:44:47,284] INFO in _internal:  * Detected change in '/usr/src/app/app.py', reloading
[2023-01-06 02:44:47,324] INFO in _internal:  * Restarting with stat
[2023-01-06 02:44:47,487] WARNING in _internal:  * Debugger is active!
[2023-01-06 02:44:47,489] INFO in _internal:  * Debugger PIN: 109-429-148
[2023-01-06 02:45:05,567] INFO in _internal:  * Detected change in '/usr/src/app/app.py', reloading
[2023-01-06 02:45:05,598] INFO in _internal:  * Restarting with stat
[2023-01-06 02:45:05,973] WARNING in _internal:  * Debugger is active!
[2023-01-06 02:45:05,974] INFO in _internal:  * Debugger PIN: 109-429-148
[2023-01-06 02:45:19,021] INFO in _internal:  * Detected change in '/usr/src/app/app.py', reloading
[2023-01-06 02:45:19,096] INFO in _internal:  * Restarting with stat
[2023-01-06 02:50:54,565] INFO in _internal: [31m[1mWARNING: This is a development server. Do not use it in a production deployment. Use a production WSGI server instead.[0m
 * Running on all addresses (0.0.0.0)
 * Running on http://127.0.0.1:8888
 * Running on http://172.19.0.2:8888
[2023-01-06 02:50:54,566] INFO in _internal: [33mPress CTRL+C to quit[0m
[2023-01-06 02:50:54,567] INFO in _internal:  * Restarting with stat
[2023-01-06 02:50:54,876] WARNING in _internal:  * Debugger is active!
[2023-01-06 02:50:54,877] INFO in _internal:  * Debugger PIN: 109-429-148
[2023-01-06 03:04:06,064] INFO in _internal:  * Detected change in '/usr/src/app/app.py', reloading
[2023-01-06 03:04:06,125] INFO in _internal:  * Restarting with stat
[2023-01-06 03:04:06,428] WARNING in _internal:  * Debugger is active!
[2023-01-06 03:04:06,430] INFO in _internal:  * Debugger PIN: 109-429-148
[2023-01-06 03:04:38,540] INFO in _internal:  * Detected change in '/usr/src/app/app.py', reloading
[2023-01-06 03:04:38,704] INFO in _internal:  * Restarting with stat
[2023-01-06 03:04:39,013] WARNING in _internal:  * Debugger is active!
[2023-01-06 03:04:39,015] INFO in _internal:  * Debugger PIN: 109-429-148
[2023-01-06 03:04:45,050] INFO in _internal:  * Detected change in '/usr/src/app/app.py', reloading
[2023-01-06 03:04:45,121] INFO in _internal:  * Restarting with stat
[2023-01-06 03:04:45,437] WARNING in _internal:  * Debugger is active!
[2023-01-06 03:04:45,438] INFO in _internal:  * Debugger PIN: 109-429-148
[2023-01-06 03:04:49,457] INFO in _internal:  * Detected change in '/usr/src/app/app.py', reloading
[2023-01-06 03:04:49,530] INFO in _internal:  * Restarting with stat
[2023-01-06 03:04:49,831] WARNING in _internal:  * Debugger is active!
[2023-01-06 03:04:49,832] INFO in _internal:  * Debugger PIN: 109-429-148
[2023-01-06 03:05:03,893] INFO in _internal:  * Detected change in '/usr/src/app/app.py', reloading
[2023-01-06 03:05:03,982] INFO in _internal:  * Restarting with stat
[2023-01-06 03:05:04,325] WARNING in _internal:  * Debugger is active!
[2023-01-06 03:05:04,326] INFO in _internal:  * Debugger PIN: 109-429-148
[2023-01-06 03:06:38,683] INFO in _internal:  * Detected change in '/usr/src/app/app.py', reloading
[2023-01-06 03:06:38,768] INFO in _internal:  * Restarting with stat
[2023-01-06 03:06:39,064] WARNING in _internal:  * Debugger is active!
[2023-01-06 03:06:39,065] INFO in _internal:  * Debugger PIN: 109-429-148
[2023-01-06 03:07:36,283] INFO in _internal:  * Detected change in '/usr/src/app/app.py', reloading
[2023-01-06 03:07:36,358] INFO in _internal:  * Restarting with stat
[2023-01-06 03:07:36,744] WARNING in _internal:  * Debugger is active!
[2023-01-06 03:07:36,748] INFO in _internal:  * Debugger PIN: 109-429-148
[2023-01-06 03:07:43,760] INFO in _internal:  * Detected change in '/usr/src/app/app.py', reloading
[2023-01-06 03:07:43,841] INFO in _internal:  * Restarting with stat
[2023-01-06 03:07:44,159] WARNING in _internal:  * Debugger is active!
[2023-01-06 03:07:44,161] INFO in _internal:  * Debugger PIN: 109-429-148
[2023-01-06 03:07:47,175] INFO in _internal:  * Detected change in '/usr/src/app/app.py', reloading
[2023-01-06 03:07:47,244] INFO in _internal:  * Restarting with stat
[2023-01-06 03:07:47,590] WARNING in _internal:  * Debugger is active!
[2023-01-06 03:07:47,591] INFO in _internal:  * Debugger PIN: 109-429-148
[2023-01-06 03:07:48,601] INFO in _internal:  * Detected change in '/usr/src/app/app.py', reloading
[2023-01-06 03:07:48,663] INFO in _internal:  * Restarting with stat
[2023-01-06 03:07:48,987] WARNING in _internal:  * Debugger is active!
[2023-01-06 03:07:48,989] INFO in _internal:  * Debugger PIN: 109-429-148
[2023-01-06 03:08:09,043] INFO in _internal:  * Detected change in '/usr/src/app/app.py', reloading
[2023-01-06 03:08:09,120] INFO in _internal:  * Restarting with stat
[2023-01-06 03:08:09,438] WARNING in _internal:  * Debugger is active!
[2023-01-06 03:08:09,440] INFO in _internal:  * Debugger PIN: 109-429-148
[2023-01-06 03:08:23,501] INFO in _internal:  * Detected change in '/usr/src/app/app.py', reloading
[2023-01-06 03:08:23,588] INFO in _internal:  * Restarting with stat
[2023-01-06 03:08:23,898] WARNING in _internal:  * Debugger is active!
[2023-01-06 03:08:23,900] INFO in _internal:  * Debugger PIN: 109-429-148
[2023-01-06 03:08:31,934] INFO in _internal:  * Detected change in '/usr/src/app/app.py', reloading
[2023-01-06 03:08:32,004] INFO in _internal:  * Restarting with stat
[2023-01-06 03:08:32,302] WARNING in _internal:  * Debugger is active!
[2023-01-06 03:08:32,303] INFO in _internal:  * Debugger PIN: 109-429-148
[2023-01-06 03:08:46,342] INFO in _internal:  * Detected change in '/usr/src/app/app.py', reloading
[2023-01-06 03:08:46,455] INFO in _internal:  * Restarting with stat
[2023-01-06 03:08:46,800] WARNING in _internal:  * Debugger is active!
[2023-01-06 03:08:46,802] INFO in _internal:  * Debugger PIN: 109-429-148
[2023-01-06 03:08:47,811] INFO in _internal:  * Detected change in '/usr/src/app/app.py', reloading
[2023-01-06 03:08:47,895] INFO in _internal:  * Restarting with stat
